<?xml version="1.0" encoding="UTF-8"?>
<!-- Generated by org.testng.reporters.JUnitReportReporter -->
<testsuite hostname="W-20191203033" failures="0" tests="5" name="OSF.CreateAnApplication" time="10.059" errors="0" timestamp="2021-03-29T16:30:59 CEST" skipped="0">
  <testcase classname="OSF.CreateAnApplication" name="loginPage" time="2.492"/>
  <system-out/>
  <testcase classname="OSF.CreateAnApplication" name="selectAgency" time="0.388"/>
  <system-out/>
  <testcase classname="OSF.CreateAnApplication" name="uzupelnijWnioskodawca" time="5.549"/>
  <system-out/>
  <testcase classname="OSF.CreateAnApplication" name="createAplication" time="0.306"/>
  <system-out/>
  <testcase classname="OSF.CreateAnApplication" name="newApplication" time="1.324"/>
  <system-out/>
</testsuite> <!-- OSF.CreateAnApplication -->
