<?xml version="1.0" encoding="UTF-8"?>
<!-- Generated by org.testng.reporters.JUnitReportReporter -->
<testsuite skipped="0" hostname="W-20191203033" name="OSF.CreateAnApplication" tests="5" failures="0" timestamp="2021-03-23T14:56:31 CET" time="9.932" errors="0">
  <testcase name="createAplication" time="0.345" classname="OSF.CreateAnApplication"/>
  <system-out/>
  <testcase name="uzupelnijWnioskodawca" time="5.908" classname="OSF.CreateAnApplication"/>
  <system-out/>
  <testcase name="selectAgency" time="0.429" classname="OSF.CreateAnApplication"/>
  <system-out/>
  <testcase name="loginPage" time="1.938" classname="OSF.CreateAnApplication"/>
  <system-out/>
  <testcase name="newApplication" time="1.312" classname="OSF.CreateAnApplication"/>
  <system-out/>
</testsuite> <!-- OSF.CreateAnApplication -->
