<?xml version="1.0" encoding="UTF-8"?>
<!-- Generated by org.testng.reporters.JUnitReportReporter -->
<testsuite hostname="W-20191203033" failures="0" tests="3" name="OSF.LoginAplicationValidation" time="2.748" errors="0" timestamp="2021-03-29T16:31:27 CEST" skipped="0">
  <testcase classname="OSF.LoginAplicationValidation" name="validateSuccesfullyLogin" time="0.125"/>
  <system-out/>
  <testcase classname="OSF.LoginAplicationValidation" name="loginPage" time="2.121"/>
  <system-out/>
  <testcase classname="OSF.LoginAplicationValidation" name="validateNavigateToHomePage" time="0.502"/>
  <system-out/>
</testsuite> <!-- OSF.LoginAplicationValidation -->
