<?xml version="1.0" encoding="UTF-8"?>
<!-- Generated by org.testng.reporters.JUnitReportReporter -->
<testsuite skipped="0" hostname="W-20191203033" name="OSF.CreateAnApplication" tests="5" failures="0" timestamp="2021-02-08T16:27:16 CET" time="8.671" errors="0">
  <testcase name="loginPage" time="1.990" classname="OSF.CreateAnApplication"/>
  <system-out/>
  <testcase name="createAplication" time="0.255" classname="OSF.CreateAnApplication"/>
  <system-out/>
  <testcase name="newApplication" time="1.325" classname="OSF.CreateAnApplication"/>
  <system-out/>
  <testcase name="uzupelnijWnioskodawca" time="4.766" classname="OSF.CreateAnApplication"/>
  <system-out/>
  <testcase name="selectAgency" time="0.335" classname="OSF.CreateAnApplication"/>
  <system-out/>
</testsuite> <!-- OSF.CreateAnApplication -->
