<?xml version="1.0" encoding="UTF-8"?>
<!-- Generated by org.testng.reporters.JUnitReportReporter -->
<testsuite hostname="W-20191203033" failures="0" tests="5" name="OSF.CreateAnApplication" time="10.687" errors="0" timestamp="2021-03-15T14:12:09 CET" skipped="0">
  <testcase classname="OSF.CreateAnApplication" name="loginPage" time="2.763"/>
  <system-out/>
  <testcase classname="OSF.CreateAnApplication" name="createAplication" time="0.360"/>
  <system-out/>
  <testcase classname="OSF.CreateAnApplication" name="uzupelnijWnioskodawca" time="5.893"/>
  <system-out/>
  <testcase classname="OSF.CreateAnApplication" name="selectAgency" time="0.366"/>
  <system-out/>
  <testcase classname="OSF.CreateAnApplication" name="newApplication" time="1.305"/>
  <system-out/>
</testsuite> <!-- OSF.CreateAnApplication -->
