<?xml version="1.0" encoding="UTF-8"?>
<!-- Generated by org.testng.reporters.JUnitReportReporter -->
<testsuite hostname="W-20191203033" failures="0" tests="1" name="OSF.LoginAplication" time="2.090" errors="0" timestamp="2021-04-01T13:39:59 CEST" skipped="0">
  <testcase classname="OSF.LoginAplication" name="loginPage" time="2.090"/>
  <system-out/>
</testsuite> <!-- OSF.LoginAplication -->
