<?xml version="1.0" encoding="UTF-8"?>
<!-- Generated by org.testng.reporters.JUnitReportReporter -->
<testsuite hostname="W-20191203033" failures="0" tests="5" name="OSF.CreateAnApplication" time="9.835" errors="0" timestamp="2021-04-01T13:39:59 CEST" skipped="0">
  <testcase classname="OSF.CreateAnApplication" name="loginPage" time="2.016"/>
  <system-out/>
  <testcase classname="OSF.CreateAnApplication" name="newApplication" time="1.301"/>
  <system-out/>
  <testcase classname="OSF.CreateAnApplication" name="createAplication" time="0.321"/>
  <system-out/>
  <testcase classname="OSF.CreateAnApplication" name="selectAgency" time="0.351"/>
  <system-out/>
  <testcase classname="OSF.CreateAnApplication" name="uzupelnijWnioskodawca" time="5.846"/>
  <system-out/>
</testsuite> <!-- OSF.CreateAnApplication -->
