<?xml version="1.0" encoding="UTF-8"?>
<!-- Generated by org.testng.reporters.JUnitReportReporter -->
<testsuite skipped="0" hostname="W-20191203033" name="OSF.LoginAplication" tests="1" failures="0" timestamp="2021-03-23T14:56:31 CET" time="2.770" errors="0">
  <testcase name="loginPage" time="2.770" classname="OSF.LoginAplication"/>
  <system-out/>
</testsuite> <!-- OSF.LoginAplication -->
