<?xml version="1.0" encoding="UTF-8"?>
<!-- Generated by org.testng.reporters.JUnitReportReporter -->
<testsuite hostname="W-20191203033" failures="0" tests="3" name="OSF.LoginAplicationValidation" time="2.162" errors="0" timestamp="2021-04-01T13:39:59 CEST" skipped="0">
  <testcase classname="OSF.LoginAplicationValidation" name="validateSuccesfullyLogin" time="0.179"/>
  <system-out/>
  <testcase classname="OSF.LoginAplicationValidation" name="validateNavigateToHomePage" time="0.528"/>
  <system-out/>
  <testcase classname="OSF.LoginAplicationValidation" name="loginPage" time="1.455"/>
  <system-out/>
</testsuite> <!-- OSF.LoginAplicationValidation -->
